::1 - - [07/May/2019:06:17:00 +0000] "POST /grades/ HTTP/1.1" 200 29 "-" "PostmanRuntime/7.11.0"
::1 - - [07/May/2019:06:17:24 +0000] "GET /grades/ HTTP/1.1" 200 367 "-" "PostmanRuntime/7.11.0"
::1 - - [07/May/2019:07:16:28 +0000] "GET /grades/ HTTP/1.1" 200 367 "-" "PostmanRuntime/7.11.0"
::1 - - [07/May/2019:07:16:42 +0000] "GET /grades/ HTTP/1.1" 200 2 "-" "PostmanRuntime/7.11.0"
::1 - - [07/May/2019:07:32:03 +0000] "POST /grades/ HTTP/1.1" 200 29 "-" "PostmanRuntime/7.11.0"
::1 - - [07/May/2019:07:34:41 +0000] "PUT /grades/ HTTP/1.1" 500 1320 "-" "PostmanRuntime/7.11.0"
::1 - - [07/May/2019:07:35:07 +0000] "PUT /grades/ HTTP/1.1" 500 1320 "-" "PostmanRuntime/7.11.0"
::1 - - [07/May/2019:07:35:38 +0000] "POST /grades/ HTTP/1.1" 200 29 "-" "PostmanRuntime/7.11.0"
::1 - - [07/May/2019:07:36:52 +0000] "POST /grades/ HTTP/1.1" 200 29 "-" "PostmanRuntime/7.11.0"
::1 - - [07/May/2019:07:37:40 +0000] "POST /grades/ HTTP/1.1" 200 29 "-" "PostmanRuntime/7.11.0"
::1 - - [07/May/2019:07:39:56 +0000] "PUT /grades/ HTTP/1.1" - - "-" "PostmanRuntime/7.11.0"
::1 - - [07/May/2019:07:48:21 +0000] "PUT /grades/ HTTP/1.1" 500 1695 "-" "PostmanRuntime/7.11.0"
::1 - - [07/May/2019:07:48:44 +0000] "PUT /grades/ HTTP/1.1" 204 - "-" "PostmanRuntime/7.11.0"
::1 - - [07/May/2019:07:49:02 +0000] "POST /grades/ HTTP/1.1" 200 29 "-" "PostmanRuntime/7.11.0"
::1 - - [07/May/2019:07:49:36 +0000] "PUT /grades/ HTTP/1.1" 200 97 "-" "PostmanRuntime/7.11.0"
::1 - - [07/May/2019:07:49:56 +0000] "GET /grades/ HTTP/1.1" 200 368 "-" "PostmanRuntime/7.11.0"
::1 - - [07/May/2019:07:50:38 +0000] "GET /grades/ HTTP/1.1" 200 2 "-" "PostmanRuntime/7.11.0"
::1 - - [07/May/2019:07:51:02 +0000] "GET /grades/ HTTP/1.1" 500 2 "-" "PostmanRuntime/7.11.0"
::1 - - [07/May/2019:07:51:52 +0000] "GET /grades/ HTTP/1.1" 500 2 "-" "PostmanRuntime/7.11.0"
::1 - - [07/May/2019:07:52:22 +0000] "GET /grades/ HTTP/1.1" 500 2 "-" "PostmanRuntime/7.11.0"
